2019-12-26 15:06:16 pid:13443 Workerman[starter.php] stopping ...
2019-12-26 15:06:16 pid:13443 Workerman[starter.php] has been stopped
2019-12-26 15:14:33 pid:13707 Workerman[starter.php] stopping ...
2019-12-26 15:14:33 pid:13707 Workerman[starter.php] has been stopped
2019-12-26 15:16:58 pid:13854 Workerman[Clients/starter.php] start in DEBUG mode
2019-12-26 15:17:13 pid:13872 Workerman[Clients/starter.php] stop 
2019-12-26 15:17:13 pid:13872 Workerman[Clients/starter.php] not run
2019-12-26 15:17:25 pid:13890 Workerman[Clients/starter.php] start in DEBUG mode
2019-12-26 15:18:32 pid:13909 Workerman[Clients/starter.php] status 
2019-12-26 15:18:32 pid:13909 Workerman[Clients/starter.php] not run
2019-12-26 15:18:51 pid:13927 Workerman[Clients/starter.php] connections 
2019-12-26 15:18:51 pid:13927 Workerman[Clients/starter.php] not run
2019-12-26 15:19:09 pid:13946 Workerman[Clients/starter.php] stop 
2019-12-26 15:19:09 pid:13946 Workerman[Clients/starter.php] not run
2019-12-26 15:20:35 pid:14003 Workerman[Clients/starter.php] start in DEBUG mode
2019-12-26 15:20:51 pid:14021 Workerman[Clients/starter.php] start in DEBUG mode
2019-12-26 15:20:54 pid:14038 Workerman[Clients/starter.php] stop 
2019-12-26 15:20:54 pid:14038 Workerman[Clients/starter.php] not run
2019-12-26 15:22:28 pid:14060 Workerman[Clients/starter.php] start in DEBUG mode
2019-12-26 15:28:45 pid:14156 Workerman[Clients/starter.php] start in DEBUG mode
2019-12-26 15:28:52 pid:14156 Workerman[starter.php] stopping ...
2019-12-26 15:28:52 pid:14156 Workerman[starter.php] has been stopped
2019-12-26 15:28:55 pid:14176 Workerman[Clients/starter.php] start in DEBUG mode
2019-12-26 15:28:59 pid:14176 Workerman[starter.php] stopping ...
2019-12-26 15:28:59 pid:14176 Workerman[starter.php] has been stopped
2019-12-26 15:29:57 pid:14203 Workerman[Clients/starter.php] start in DEBUG mode
2019-12-26 15:30:12 pid:14224 Workerman[Clients/starter.php] start in DEBUG mode
2019-12-26 15:31:09 pid:14244 Workerman[Clients/starter.php] start in DEBUG mode
2019-12-26 15:31:17 pid:14262 Workerman[Clients/starter.php] start in DEBUG mode
2019-12-26 15:31:20 pid:14262 Workerman[starter.php] stopping ...
2019-12-26 15:31:26 pid:14283 Workerman[Clients/starter.php] start in DEBUG mode
2019-12-26 15:31:29 pid:14283 Workerman[starter.php] stopping ...
2019-12-26 15:31:41 pid:14304 Workerman[Clients/starter.php] start in DEBUG mode
2019-12-26 15:40:35 pid:14359 Workerman[Clients/starter.php] start in DEBUG mode
2019-12-26 15:41:48 pid:14378 Workerman[Clients/starter.php] start in DEBUG mode
2019-12-26 15:42:06 pid:14397 Workerman[Clients/starter.php] start in DEBUG mode
2019-12-26 15:42:44 pid:14419 Workerman[Clients/starter.php] start in DEBUG mode
2019-12-26 15:44:20 pid:14447 Workerman[Clients/starter.php] start in DEBUG mode
2019-12-26 15:44:27 pid:14467 Workerman[Clients/starter.php] start in DEBUG mode
2019-12-26 15:48:53 pid:14500 Workerman[Clients/starter.php] start in DEBUG mode
2019-12-26 15:49:03 pid:14518 Workerman[Clients/starter.php] start in DEBUG mode
2019-12-26 15:50:39 pid:14542 Workerman[Clients/starter.php] start in DEBUG mode
2019-12-26 15:52:42 pid:14589 Workerman[Clients/starter.php] start in DEBUG mode
2019-12-26 16:11:12 pid:14792 Workerman[Clients/starter.php] start in DEBUG mode
2019-12-26 16:11:28 pid:14792 Workerman[starter.php] stopping ...
2019-12-26 16:11:28 pid:14792 Workerman[starter.php] has been stopped
2019-12-26 16:11:31 pid:14812 Workerman[Clients/starter.php] start in DEBUG mode
2019-12-26 16:11:35 pid:14812 Workerman[starter.php] stopping ...
2019-12-26 16:11:35 pid:14812 Workerman[starter.php] has been stopped
2019-12-26 16:13:15 pid:14840 Workerman[Clients/starter.php] start in DEBUG mode
2019-12-26 16:13:19 pid:14840 Workerman[starter.php] stopping ...
2019-12-26 16:13:19 pid:14840 Workerman[starter.php] has been stopped
2019-12-26 16:18:46 pid:14864 Workerman[Clients/starter.php] start in DEBUG mode
2019-12-26 16:19:48 pid:14864 Workerman[starter.php] stopping ...
2019-12-26 16:19:48 pid:14864 Workerman[starter.php] has been stopped
2019-12-26 16:19:49 pid:14887 Workerman[Clients/starter.php] start in DEBUG mode
2019-12-26 16:20:41 pid:14887 Workerman[starter.php] stopping ...
2019-12-26 16:20:41 pid:14887 Workerman[starter.php] has been stopped
2019-12-28 06:03:04 pid:1825 Workerman[Clients/starter.php] start in DEBUG mode
2019-12-28 06:08:12 pid:1825 Workerman[starter.php] stopping ...
2019-12-28 06:08:12 pid:1825 Workerman[starter.php] has been stopped
2019-12-28 06:08:15 pid:1856 Workerman[Clients/starter.php] start in DEBUG mode
2019-12-28 06:09:21 pid:1856 Workerman[starter.php] stopping ...
2019-12-28 06:09:21 pid:1856 Workerman[starter.php] has been stopped
2019-12-28 06:09:23 pid:1881 Workerman[Clients/starter.php] start in DEBUG mode
2019-12-28 06:09:26 pid:1881 Workerman[starter.php] stopping ...
2019-12-28 06:09:50 pid:1903 Workerman[Clients/starter.php] start in DEBUG mode
2019-12-28 06:09:53 pid:1903 Workerman[starter.php] stopping ...
2019-12-28 06:10:20 pid:1924 Workerman[Clients/starter.php] start in DEBUG mode
2019-12-28 06:10:23 pid:1924 Workerman[starter.php] stopping ...
2019-12-28 06:11:26 pid:1947 Workerman[Clients/starter.php] start in DEBUG mode
2019-12-28 06:11:29 pid:1947 Workerman[starter.php] stopping ...
2019-12-28 06:18:05 pid:2009 Workerman[Clients/starter.php] start in DEBUG mode
2019-12-28 06:18:08 pid:2009 Workerman[starter.php] stopping ...
2019-12-28 06:24:08 pid:2044 Workerman[Clients/starter.php] start in DEBUG mode
2019-12-28 06:24:11 pid:2044 Workerman[starter.php] stopping ...
2019-12-28 06:34:36 pid:2080 Workerman[Clients/starter.php] start in DEBUG mode
2019-12-28 06:34:39 pid:2080 Workerman[starter.php] stopping ...
2019-12-28 06:36:23 pid:2103 Workerman[Clients/starter.php] start in DEBUG mode
2019-12-28 06:36:26 pid:2103 Workerman[starter.php] stopping ...
2019-12-28 06:38:05 pid:2126 Workerman[Clients/starter.php] start in DEBUG mode
2019-12-28 06:38:08 pid:2126 Workerman[starter.php] stopping ...
2019-12-28 06:39:03 pid:2159 Workerman[Clients/starter.php] start in DEBUG mode
2019-12-28 06:39:06 pid:2159 Workerman[starter.php] stopping ...
2019-12-28 06:40:59 pid:2184 Workerman[Clients/starter.php] start in DEBUG mode
2019-12-28 06:41:02 pid:2184 Workerman[starter.php] stopping ...
2019-12-28 06:50:49 pid:2353 Workerman[Clients/starter.php] start in DEBUG mode
2019-12-28 06:50:52 pid:2353 Workerman[starter.php] stopping ...
2019-12-28 06:52:57 pid:2377 Workerman[Clients/starter.php] start in DEBUG mode
2019-12-28 06:54:19 pid:2377 Workerman[starter.php] stopping ...
2019-12-28 06:54:19 pid:2377 Workerman[starter.php] has been stopped
2019-12-28 06:54:26 pid:2400 Workerman[Clients/starter.php] start in DEBUG mode
2019-12-28 06:55:38 pid:2400 Workerman[starter.php] stopping ...
2019-12-28 06:55:38 pid:2400 Workerman[starter.php] has been stopped
2019-12-28 06:55:39 pid:2421 Workerman[Clients/starter.php] start in DEBUG mode
2019-12-28 06:58:57 pid:2421 Workerman[starter.php] stopping ...
2019-12-28 06:58:57 pid:2421 Workerman[starter.php] has been stopped
2019-12-28 06:59:23 pid:2477 Workerman[Clients/starter.php] start in DEBUG mode
2019-12-28 07:00:54 pid:2477 Workerman[starter.php] stopping ...
2019-12-28 07:00:54 pid:2477 Workerman[starter.php] has been stopped
2019-12-28 07:00:55 pid:2499 Workerman[Clients/starter.php] start in DEBUG mode
2019-12-28 07:01:41 pid:2499 Workerman[starter.php] stopping ...
2019-12-28 07:01:41 pid:2499 Workerman[starter.php] has been stopped
2019-12-28 07:01:43 pid:2520 Workerman[Clients/starter.php] start in DEBUG mode
2019-12-28 07:02:18 pid:2520 Workerman[starter.php] stopping ...
2019-12-28 07:02:18 pid:2520 Workerman[starter.php] has been stopped
2019-12-28 07:02:19 pid:2541 Workerman[Clients/starter.php] start in DEBUG mode
2019-12-28 07:02:33 pid:2560 Workerman[Clients/starter.php] start in DEBUG mode
2019-12-28 07:03:18 pid:2581 Workerman[Clients/starter.php] start in DEBUG mode
2019-12-28 07:04:15 pid:2581 Workerman[starter.php] stopping ...
2019-12-28 07:04:15 pid:2581 Workerman[starter.php] has been stopped
2019-12-28 07:04:17 pid:2602 Workerman[Clients/starter.php] start in DEBUG mode
2019-12-28 07:04:25 pid:2602 Workerman[starter.php] stopping ...
2019-12-28 07:04:25 pid:2602 Workerman[starter.php] has been stopped
2019-12-28 07:06:36 pid:2627 Workerman[Clients/starter.php] start in DEBUG mode
2019-12-28 07:26:26 pid:2627 Workerman[starter.php] stopping ...
2019-12-28 07:26:26 pid:2627 Workerman[starter.php] has been stopped
2019-12-28 07:26:28 pid:9324 Workerman[Clients/starter.php] start in DEBUG mode
2019-12-28 07:26:39 pid:9324 Workerman[starter.php] stopping ...
2019-12-28 07:26:39 pid:9324 Workerman[starter.php] has been stopped
2019-12-28 07:29:16 pid:9422 Workerman[Clients/starter.php] start in DEBUG mode
2019-12-28 07:29:22 pid:9422 Workerman[starter.php] stopping ...
2019-12-28 07:29:22 pid:9422 Workerman[starter.php] has been stopped
2019-12-28 07:31:36 pid:9465 Workerman[Clients/starter.php] start in DEBUG mode
2019-12-28 07:33:29 pid:9465 Workerman[starter.php] stopping ...
2019-12-28 07:33:29 pid:9465 Workerman[starter.php] has been stopped
2019-12-28 07:33:31 pid:9487 Workerman[Clients/starter.php] start in DEBUG mode
2019-12-28 07:35:10 pid:9487 Workerman[starter.php] stopping ...
2019-12-28 07:35:10 pid:9487 Workerman[starter.php] has been stopped
2019-12-28 07:57:25 pid:9917 Workerman[Clients/starter.php] start in DEBUG mode
2019-12-28 07:57:30 pid:9917 Workerman[starter.php] stopping ...
2019-12-28 08:02:23 pid:9945 Workerman[Clients/starter.php] start in DEBUG mode
2019-12-28 08:02:26 pid:9945 Workerman[starter.php] stopping ...
2019-12-28 08:34:54 pid:10051 Workerman[Clients/starter.php] start in DEBUG mode
2019-12-28 08:34:58 pid:10051 Workerman[starter.php] stopping ...
2019-12-28 08:38:47 pid:10088 Workerman[Clients/starter.php] start in DEBUG mode
2019-12-28 08:39:43 pid:10088 Workerman[starter.php] stopping ...
2019-12-28 08:39:43 pid:10088 Workerman[starter.php] has been stopped
2019-12-28 08:53:12 pid:10271 Workerman[Clients/starter.php] start in DEBUG mode
2019-12-28 08:53:15 pid:10271 Workerman[starter.php] stopping ...
2019-12-28 08:55:09 pid:10297 Workerman[Clients/starter.php] start in DEBUG mode
2019-12-28 08:55:12 pid:10297 Workerman[starter.php] stopping ...
2019-12-28 08:58:15 pid:10323 Workerman[Clients/starter.php] start in DEBUG mode
2019-12-28 08:58:18 pid:10323 Workerman[starter.php] stopping ...
2019-12-28 09:05:13 pid:10366 Workerman[Clients/starter.php] start in DEBUG mode
2019-12-28 09:05:16 pid:10366 Workerman[starter.php] stopping ...
2019-12-28 09:06:57 pid:10388 Workerman[Clients/starter.php] start in DEBUG mode
2019-12-28 09:07:02 pid:10388 Workerman[starter.php] stopping ...
2019-12-28 09:30:10 pid:10465 Workerman[Clients/starter.php] start in DEBUG mode
2019-12-28 09:30:23 pid:10465 Workerman[starter.php] stopping ...
2019-12-28 09:31:30 pid:10485 Workerman[Clients/starter.php] start in DEBUG mode
2019-12-28 10:28:06 pid:10485 Workerman[starter.php] stopping ...
2019-12-28 10:28:06 pid:10485 Workerman[starter.php] has been stopped
2019-12-28 10:54:29 pid:11583 Workerman[Clients/starter.php] start in DEBUG mode
2019-12-28 10:54:42 pid:11583 Workerman[starter.php] stopping ...
2019-12-28 11:27:27 pid:11641 Workerman[Clients/starter.php] start in DEBUG mode
2019-12-28 11:27:40 pid:11641 Workerman[starter.php] stopping ...
2019-12-28 11:32:42 pid:11693 Workerman[Clients/starter.php] start in DEBUG mode
2019-12-28 11:32:55 pid:11693 Workerman[starter.php] stopping ...
2019-12-28 12:00:43 pid:11761 Workerman[Clients/starter.php] start in DEBUG mode
2019-12-28 12:00:56 pid:11761 Workerman[starter.php] stopping ...
2019-12-28 12:06:21 pid:11788 Workerman[Clients/starter.php] start in DEBUG mode
2019-12-28 12:06:26 pid:11788 Workerman[starter.php] stopping ...
2019-12-28 12:09:20 pid:11816 Workerman[Clients/starter.php] start in DEBUG mode
2019-12-28 12:09:25 pid:11816 Workerman[starter.php] stopping ...
2019-12-28 12:12:03 pid:11847 Workerman[Clients/starter.php] start in DEBUG mode
2019-12-28 12:12:08 pid:11847 Workerman[starter.php] stopping ...
2019-12-28 12:15:13 pid:11876 Workerman[Clients/starter.php] start in DEBUG mode
2019-12-28 12:15:18 pid:11876 Workerman[starter.php] stopping ...
2019-12-28 12:19:43 pid:11904 Workerman[Clients/starter.php] start in DEBUG mode
2019-12-28 12:19:48 pid:11904 Workerman[starter.php] stopping ...
2019-12-28 12:23:17 pid:11925 Workerman[Clients/starter.php] stop 
2019-12-28 12:23:17 pid:11925 Workerman[Clients/starter.php] not run
2019-12-28 12:24:57 pid:11945 Workerman[Clients/starter.php] start in DEBUG mode
2019-12-28 12:25:02 pid:11945 Workerman[starter.php] stopping ...
2019-12-28 12:25:04 pid:11965 Workerman[Clients/starter.php] start in DEBUG mode
2019-12-28 12:25:38 pid:11965 Workerman[starter.php] stopping ...
2019-12-28 12:25:38 pid:11965 Workerman[starter.php] has been stopped
2019-12-28 12:25:53 pid:11988 Workerman[Clients/starter.php] start in DEBUG mode
2019-12-28 12:26:04 pid:11988 Workerman[starter.php] stopping ...
2019-12-28 12:27:19 pid:12012 Workerman[Clients/starter.php] start in DEBUG mode
2019-12-28 12:27:35 pid:12012 Workerman[starter.php] stopping ...
2019-12-28 15:17:46 pid:12933 Workerman[Clients/starter.php] start in DEBUG mode
2019-12-28 15:18:01 pid:12933 Workerman[starter.php] stopping ...
2019-12-28 15:19:51 pid:12960 Workerman[Clients/starter.php] start in DEBUG mode
2019-12-28 15:21:29 pid:12960 Workerman[starter.php] stopping ...
2019-12-28 15:21:29 pid:12960 Workerman[starter.php] has been stopped
2019-12-28 15:21:33 pid:12982 Workerman[Clients/starter.php] start in DEBUG mode
2019-12-28 15:47:00 pid:12982 Workerman[starter.php] stopping ...
2019-12-28 15:47:00 pid:12982 Workerman[starter.php] has been stopped
2019-12-28 15:47:52 pid:13028 Workerman[Clients/starter.php] start in DEBUG mode
2019-12-28 15:48:07 pid:13028 Workerman[starter.php] stopping ...
2019-12-28 15:48:10 pid:13048 Workerman[Clients/starter.php] start in DEBUG mode
2019-12-28 15:57:38 pid:13048 Workerman[starter.php] stopping ...
2019-12-28 15:57:38 pid:13048 Workerman[starter.php] stopping ...
2019-12-28 15:57:38 pid:13048 Workerman[starter.php] has been stopped
2019-12-28 15:58:25 pid:13092 Workerman[Clients/starter.php] start in DEBUG mode
2019-12-28 15:58:40 pid:13092 Workerman[starter.php] stopping ...
2019-12-28 15:58:54 pid:13112 Workerman[Clients/starter.php] start in DEBUG mode
2019-12-28 16:02:49 pid:13112 Workerman[starter.php] stopping ...
2019-12-28 16:02:49 pid:13112 Workerman[starter.php] has been stopped
2019-12-28 16:03:26 pid:13140 Workerman[Clients/starter.php] start in DEBUG mode
2019-12-28 16:03:41 pid:13140 Workerman[starter.php] stopping ...
2019-12-28 16:03:44 pid:13160 Workerman[Clients/starter.php] start in DEBUG mode
2019-12-28 16:04:13 pid:13160 Workerman[starter.php] stopping ...
2019-12-28 16:04:13 pid:13160 Workerman[starter.php] has been stopped
2019-12-28 16:06:18 pid:13187 Workerman[Clients/starter.php] start in DEBUG mode
2019-12-28 16:08:02 pid:13187 Workerman[starter.php] stopping ...
2019-12-28 16:08:02 pid:13187 Workerman[starter.php] has been stopped
2019-12-28 16:08:03 pid:13209 Workerman[Clients/starter.php] start in DEBUG mode
2019-12-28 16:08:13 pid:13209 Workerman[starter.php] stopping ...
2019-12-28 16:08:13 pid:13209 Workerman[starter.php] has been stopped
2019-12-28 16:08:16 pid:13231 Workerman[Clients/starter.php] start in DEBUG mode
2019-12-28 16:09:13 pid:13231 Workerman[starter.php] stopping ...
2019-12-28 16:09:13 pid:13231 Workerman[starter.php] has been stopped
2019-12-28 16:10:15 pid:13255 Workerman[Clients/starter.php] start in DEBUG mode
2019-12-28 16:10:30 pid:13255 Workerman[starter.php] stopping ...
2019-12-28 16:10:32 pid:13275 Workerman[Clients/starter.php] start in DEBUG mode
2019-12-28 16:14:13 pid:13275 Workerman[starter.php] stopping ...
2019-12-28 16:14:13 pid:13275 Workerman[starter.php] has been stopped
2019-12-28 16:15:55 pid:13303 Workerman[Clients/starter.php] start in DEBUG mode
2019-12-28 16:16:10 pid:13303 Workerman[starter.php] stopping ...
2019-12-28 16:16:21 pid:13323 Workerman[Clients/starter.php] start in DEBUG mode
2019-12-28 16:17:48 pid:13323 Workerman[starter.php] stopping ...
2019-12-28 16:17:48 pid:13323 Workerman[starter.php] has been stopped
2019-12-28 16:18:43 pid:13347 Workerman[Clients/starter.php] start in DEBUG mode
2019-12-28 16:18:58 pid:13347 Workerman[starter.php] stopping ...
2019-12-28 16:19:17 pid:13369 Workerman[Clients/starter.php] start in DEBUG mode
2019-12-28 16:21:49 pid:13369 Workerman[starter.php] stopping ...
2019-12-28 16:21:49 pid:13369 Workerman[starter.php] has been stopped
2019-12-28 16:22:01 pid:13393 Workerman[Clients/starter.php] start in DEBUG mode
2019-12-28 16:22:04 pid:13393 Workerman[starter.php] stopping ...
2019-12-28 16:22:07 pid:13413 Workerman[Clients/starter.php] start in DEBUG mode
2019-12-28 16:27:01 pid:13413 Workerman[starter.php] stopping ...
2019-12-28 16:27:01 pid:13413 Workerman[starter.php] has been stopped
2019-12-28 16:31:48 pid:13447 Workerman[Clients/starter.php] start in DEBUG mode
2019-12-28 16:31:51 pid:13447 Workerman[starter.php] stopping ...
2019-12-28 16:31:53 pid:13467 Workerman[Clients/starter.php] start in DEBUG mode
2019-12-28 16:32:58 pid:13488 Workerman[Clients/starter.php] start in DEBUG mode
2019-12-28 16:33:59 pid:13512 Workerman[Clients/starter.php] start in DEBUG mode
2019-12-28 16:42:27 pid:13512 Workerman[starter.php] stopping ...
2019-12-28 16:42:27 pid:13512 Workerman[starter.php] has been stopped
2019-12-28 16:42:30 pid:13540 Workerman[Clients/starter.php] start in DEBUG mode
2019-12-28 16:42:37 pid:13540 Workerman[starter.php] stopping ...
2019-12-28 16:42:37 pid:13540 Workerman[starter.php] has been stopped
2019-12-28 16:43:50 pid:13564 Workerman[Clients/starter.php] start in DEBUG mode
2019-12-28 16:44:06 pid:13564 Workerman[starter.php] stopping ...
2019-12-28 16:44:06 pid:13564 Workerman[starter.php] has been stopped
2019-12-28 16:44:48 pid:13697 Workerman[Clients/starter.php] start in DEBUG mode
2019-12-28 16:44:57 pid:13697 Workerman[starter.php] stopping ...
2019-12-28 16:44:57 pid:13697 Workerman[starter.php] has been stopped
2019-12-29 06:40:53 pid:2065 Workerman[Clients/starter.php] start in DEBUG mode
2019-12-29 06:41:08 pid:2065 Workerman[starter.php] stopping ...
2019-12-29 06:41:08 pid:2065 Workerman[starter.php] has been stopped
2019-12-29 06:43:20 pid:2087 Workerman[Clients/starter.php] start in DEBUG mode
2019-12-29 06:43:23 pid:2087 Workerman[starter.php] stopping ...
2019-12-29 06:45:34 pid:2110 Workerman[Clients/starter.php] start in DEBUG mode
2019-12-29 06:45:47 pid:2110 Workerman[starter.php] stopping ...
2019-12-29 06:47:28 pid:2140 Workerman[Clients/starter.php] start in DEBUG mode
2019-12-29 06:47:41 pid:2140 Workerman[starter.php] stopping ...
2019-12-29 06:50:37 pid:2172 Workerman[Clients/starter.php] start in DEBUG mode
2019-12-29 06:50:50 pid:2172 Workerman[starter.php] stopping ...
2019-12-29 06:51:55 pid:2205 Workerman[Clients/starter.php] start in DEBUG mode
2019-12-29 06:52:09 pid:2205 Workerman[starter.php] stopping ...
2019-12-29 06:54:35 pid:2239 Workerman[Clients/starter.php] start in DEBUG mode
2019-12-29 06:54:48 pid:2239 Workerman[starter.php] stopping ...
2019-12-29 06:56:53 pid:2265 Workerman[Clients/starter.php] start in DEBUG mode
2019-12-29 06:57:07 pid:2265 Workerman[starter.php] stopping ...
2019-12-29 06:57:34 pid:2290 Workerman[Clients/starter.php] start in DEBUG mode
2019-12-29 06:57:47 pid:2290 Workerman[starter.php] stopping ...
2019-12-29 06:58:05 pid:2314 Workerman[Clients/starter.php] start in DEBUG mode
2019-12-29 06:58:18 pid:2314 Workerman[starter.php] stopping ...
2019-12-29 06:59:49 pid:2340 Workerman[Clients/starter.php] start in DEBUG mode
2019-12-29 07:00:02 pid:2340 Workerman[starter.php] stopping ...
2019-12-29 07:03:44 pid:2366 Workerman[Clients/starter.php] start in DEBUG mode
2019-12-29 07:03:57 pid:2366 Workerman[starter.php] stopping ...
2019-12-29 07:05:29 pid:2396 Workerman[Clients/starter.php] start in DEBUG mode
2019-12-29 07:05:32 pid:2396 Workerman[starter.php] stopping ...
2019-12-29 07:07:40 pid:2446 Workerman[Clients/starter.php] start in DEBUG mode
2019-12-29 07:07:43 pid:2446 Workerman[starter.php] stopping ...
2019-12-29 07:08:05 pid:2469 Workerman[Clients/starter.php] start in DEBUG mode
2019-12-29 07:08:08 pid:2469 Workerman[starter.php] stopping ...
2019-12-29 07:09:12 pid:2493 Workerman[Clients/starter.php] start in DEBUG mode
2019-12-29 07:09:15 pid:2493 Workerman[starter.php] stopping ...
2019-12-29 07:11:30 pid:2523 Workerman[Clients/starter.php] start in DEBUG mode
2019-12-29 07:11:33 pid:2523 Workerman[starter.php] stopping ...
2019-12-29 07:14:36 pid:2571 Workerman[Clients/starter.php] start in DEBUG mode
2019-12-29 07:14:41 pid:2571 Workerman[starter.php] stopping ...
2019-12-29 11:02:54 pid:3683 Workerman[Clients/starter.php] start in DEBUG mode
2019-12-29 11:02:57 pid:3683 Workerman[starter.php] stopping ...
2019-12-29 11:06:23 pid:3713 Workerman[Clients/starter.php] start in DEBUG mode
2019-12-29 11:06:26 pid:3713 Workerman[starter.php] stopping ...
2019-12-29 11:08:07 pid:3738 Workerman[Clients/starter.php] start in DEBUG mode
2019-12-29 11:08:10 pid:3738 Workerman[starter.php] stopping ...
2019-12-29 11:12:49 pid:3779 Workerman[Clients/starter.php] start in DEBUG mode
2019-12-29 11:13:17 pid:3779 Workerman[starter.php] stopping ...
2019-12-29 11:13:17 pid:3779 Workerman[starter.php] has been stopped
2019-12-29 11:13:56 pid:3802 Workerman[Clients/starter.php] start in DEBUG mode
2019-12-29 11:14:32 pid:3802 Workerman[starter.php] stopping ...
2019-12-29 11:14:32 pid:3802 Workerman[starter.php] has been stopped
2019-12-29 11:14:42 pid:3826 Workerman[Clients/starter.php] start in DEBUG mode
2019-12-29 11:15:08 pid:3826 Workerman[starter.php] stopping ...
2019-12-29 11:15:08 pid:3826 Workerman[starter.php] has been stopped
2019-12-29 11:15:12 pid:3850 Workerman[Clients/starter.php] start in DEBUG mode
2019-12-29 11:53:13 pid:3850 Workerman[starter.php] stopping ...
2019-12-29 11:53:13 pid:3850 Workerman[starter.php] has been stopped
2019-12-29 11:53:16 pid:3933 Workerman[Clients/starter.php] start in DEBUG mode
2019-12-29 11:53:24 pid:3933 Workerman[starter.php] stopping ...
2019-12-29 11:53:24 pid:3933 Workerman[starter.php] has been stopped
2019-12-29 11:55:02 pid:3960 Workerman[Clients/starter.php] start in DEBUG mode
2019-12-29 11:55:14 pid:3960 Workerman[starter.php] stopping ...
2019-12-29 11:55:14 pid:3960 Workerman[starter.php] has been stopped
2019-12-29 12:00:11 pid:4024 Workerman[Clients/starter.php] start in DEBUG mode
2019-12-29 12:00:18 pid:4024 Workerman[starter.php] stopping ...
2019-12-29 12:00:18 pid:4024 Workerman[starter.php] has been stopped
2019-12-29 12:01:10 pid:4047 Workerman[Clients/starter.php] start in DEBUG mode
2019-12-29 12:01:23 pid:4047 Workerman[starter.php] stopping ...
2019-12-29 12:01:23 pid:4047 Workerman[starter.php] has been stopped
2019-12-29 12:04:26 pid:4073 Workerman[Clients/starter.php] start in DEBUG mode
2019-12-29 12:04:33 pid:4073 Workerman[starter.php] stopping ...
2019-12-29 12:04:33 pid:4073 Workerman[starter.php] has been stopped
2019-12-29 12:06:14 pid:4206 Workerman[Clients/starter.php] start in DEBUG mode
2019-12-29 12:06:21 pid:4206 Workerman[starter.php] stopping ...
2019-12-29 12:06:21 pid:4206 Workerman[starter.php] has been stopped
2019-12-29 12:07:16 pid:4230 Workerman[Clients/starter.php] start in DEBUG mode
2019-12-29 12:07:23 pid:4230 Workerman[starter.php] stopping ...
2019-12-29 12:07:23 pid:4230 Workerman[starter.php] has been stopped
2019-12-29 12:09:00 pid:4256 Workerman[Clients/starter.php] start in DEBUG mode
2019-12-29 12:09:07 pid:4256 Workerman[starter.php] stopping ...
2019-12-29 12:09:07 pid:4256 Workerman[starter.php] has been stopped
2019-12-29 12:09:43 pid:4282 Workerman[Clients/starter.php] start in DEBUG mode
2019-12-29 12:09:50 pid:4282 Workerman[starter.php] stopping ...
2019-12-29 12:09:50 pid:4282 Workerman[starter.php] has been stopped
2019-12-29 12:10:17 pid:4305 Workerman[Clients/starter.php] start in DEBUG mode
2019-12-29 12:10:24 pid:4305 Workerman[starter.php] stopping ...
2019-12-29 12:10:24 pid:4305 Workerman[starter.php] has been stopped
2019-12-29 12:11:11 pid:4330 Workerman[Clients/starter.php] start in DEBUG mode
2019-12-29 12:11:18 pid:4330 Workerman[starter.php] stopping ...
2019-12-29 12:11:18 pid:4330 Workerman[starter.php] has been stopped
2019-12-29 12:11:58 pid:4356 Workerman[Clients/starter.php] start in DEBUG mode
2019-12-29 12:12:06 pid:4356 Workerman[starter.php] stopping ...
2019-12-29 12:12:06 pid:4356 Workerman[starter.php] has been stopped
2019-12-29 12:12:27 pid:4380 Workerman[Clients/starter.php] start in DEBUG mode
2019-12-29 12:12:34 pid:4380 Workerman[starter.php] stopping ...
2019-12-29 12:12:34 pid:4380 Workerman[starter.php] has been stopped
2019-12-29 12:13:23 pid:4405 Workerman[Clients/starter.php] start in DEBUG mode
2019-12-29 12:13:30 pid:4405 Workerman[starter.php] stopping ...
2019-12-29 12:13:30 pid:4405 Workerman[starter.php] has been stopped
2019-12-29 12:14:10 pid:4428 Workerman[Clients/starter.php] start in DEBUG mode
2019-12-29 12:14:18 pid:4428 Workerman[starter.php] stopping ...
2019-12-29 12:14:18 pid:4428 Workerman[starter.php] has been stopped
2019-12-29 12:16:01 pid:4455 Workerman[Clients/starter.php] start in DEBUG mode
2019-12-29 12:16:07 pid:4455 Workerman[starter.php] stopping ...
2019-12-29 12:17:01 pid:4478 Workerman[Clients/starter.php] start in DEBUG mode
2019-12-29 12:17:12 pid:4478 Workerman[starter.php] stopping ...
2019-12-29 12:17:12 pid:4478 Workerman[starter.php] has been stopped
2019-12-30 05:39:55 pid:2186 Workerman[Clients/starter.php] start in DEBUG mode
2019-12-30 06:09:39 pid:2186 Workerman[starter.php] stopping ...
2019-12-30 06:09:39 pid:2186 Workerman[starter.php] has been stopped
2019-12-30 06:10:04 pid:2856 Workerman[Clients/starter.php] start in DEBUG mode
2019-12-30 06:11:07 pid:2856 Workerman[starter.php] stopping ...
2019-12-30 06:11:08 pid:2856 Workerman[starter.php] has been stopped
2019-12-30 06:11:10 pid:2880 Workerman[Clients/starter.php] start in DEBUG mode
2019-12-30 06:11:53 pid:2880 Workerman[starter.php] stopping ...
2019-12-30 06:11:53 pid:2880 Workerman[starter.php] has been stopped
2019-12-30 11:01:23 pid:4076 Workerman[Clients/starter.php] start in DEBUG mode
2019-12-30 11:05:13 pid:4076 Workerman[starter.php] stopping ...
2019-12-30 11:05:13 pid:4076 Workerman[starter.php] has been stopped
2019-12-30 11:05:17 pid:4109 Workerman[Clients/starter.php] start in DEBUG mode
2019-12-30 11:05:22 pid:4109 Workerman[starter.php] stopping ...
2019-12-30 11:07:57 pid:4135 Workerman[Clients/starter.php] start in DEBUG mode
2019-12-30 11:08:02 pid:4135 Workerman[starter.php] stopping ...
2019-12-30 11:08:24 pid:4157 Workerman[Clients/starter.php] start in DEBUG mode
2019-12-30 11:08:37 pid:4157 Workerman[starter.php] stopping ...
2019-12-30 11:08:37 pid:4157 Workerman[starter.php] has been stopped
2020-01-02 15:49:39 pid:4836 Workerman[Clients/starter.php] start in DEBUG mode
2020-01-02 15:49:54 pid:4836 Workerman[starter.php] stopping ...
2020-01-02 15:49:54 pid:4836 Workerman[starter.php] has been stopped
2020-01-02 15:52:37 pid:4872 Workerman[Clients/starter.php] start in DEBUG mode
2020-01-02 15:52:43 pid:4872 Workerman[starter.php] stopping ...
2020-01-02 15:52:54 pid:4894 Workerman[Clients/starter.php] start in DEBUG mode
2020-01-02 15:53:37 pid:4894 Workerman[starter.php] stopping ...
2020-01-02 15:53:37 pid:4894 Workerman[starter.php] has been stopped
2020-01-02 15:54:04 pid:4920 Workerman[Clients/starter.php] start in DEBUG mode
2020-01-02 15:55:57 pid:4920 Workerman[starter.php] stopping ...
2020-01-02 15:55:57 pid:4920 Workerman[starter.php] has been stopped
2020-01-02 15:56:02 pid:4951 Workerman[Clients/starter.php] start in DEBUG mode
2020-01-02 15:56:15 pid:4951 Workerman[starter.php] stopping ...
2020-01-02 15:56:15 pid:4951 Workerman[starter.php] has been stopped
2020-01-02 15:58:07 pid:4976 Workerman[Clients/starter.php] start in DEBUG mode
2020-01-02 15:58:14 pid:4976 Workerman[starter.php] stopping ...
2020-01-02 15:58:14 pid:4976 Workerman[starter.php] has been stopped
2020-01-02 15:58:26 pid:4998 Workerman[Clients/starter.php] start in DEBUG mode
2020-01-02 15:58:39 pid:4998 Workerman[starter.php] stopping ...
2020-01-02 15:58:39 pid:4998 Workerman[starter.php] has been stopped
2020-01-02 16:10:07 pid:5379 Workerman[Clients/starter.php] start in DEBUG mode
2020-01-02 16:10:17 pid:5379 Workerman[starter.php] stopping ...
2020-01-02 16:10:17 pid:5379 Workerman[starter.php] has been stopped
2020-01-02 16:11:10 pid:5402 Workerman[Clients/starter.php] start in DEBUG mode
2020-01-02 16:11:15 pid:5402 Workerman[starter.php] stopping ...
2020-01-02 16:11:15 pid:5402 Workerman[starter.php] has been stopped
2020-01-02 16:11:34 pid:5425 Workerman[Clients/starter.php] start in DEBUG mode
2020-01-02 16:11:46 pid:5425 Workerman[starter.php] stopping ...
2020-01-02 16:11:46 pid:5425 Workerman[starter.php] has been stopped
2020-01-02 16:12:34 pid:5448 Workerman[Clients/starter.php] start in DEBUG mode
2020-01-02 16:12:43 pid:5448 Workerman[starter.php] stopping ...
2020-01-02 16:12:43 pid:5448 Workerman[starter.php] has been stopped
2020-01-02 16:13:07 pid:5471 Workerman[Clients/starter.php] start in DEBUG mode
2020-01-02 16:13:17 pid:5471 Workerman[starter.php] stopping ...
2020-01-02 16:13:17 pid:5471 Workerman[starter.php] has been stopped
2020-01-02 16:14:23 pid:5501 Workerman[Clients/starter.php] start in DEBUG mode
2020-01-02 16:14:34 pid:5501 Workerman[starter.php] stopping ...
2020-01-02 16:14:34 pid:5501 Workerman[starter.php] has been stopped
2020-01-02 16:20:11 pid:5527 Workerman[Clients/starter.php] start in DEBUG mode
2020-01-02 16:21:42 pid:5527 Workerman[starter.php] stopping ...
2020-01-02 16:21:42 pid:5527 Workerman[starter.php] has been stopped
2020-01-02 16:21:44 pid:5550 Workerman[Clients/starter.php] start in DEBUG mode
2020-01-02 16:22:22 pid:5573 Workerman[Clients/starter.php] start in DEBUG mode
2020-01-02 16:23:57 pid:5615 Workerman[Clients/starter.php] start in DEBUG mode
